[INFO] Scanning for projects...
[INFO] 
[INFO] -----------------< com.foodordering:customer-service >------------------
[INFO] Building customer-service 0.0.1-SNAPSHOT
[INFO]   from pom.xml
[INFO] --------------------------------[ jar ]---------------------------------
[INFO] 
[INFO] >>> spring-boot:3.5.7:run (default-cli) > test-compile @ customer-service >>>
[INFO] 
[INFO] --- resources:3.3.1:resources (default-resources) @ customer-service ---
[INFO] Copying 1 resource from src/main/resources to target/classes
[INFO] Copying 1 resource from src/main/resources to target/classes
[INFO] 
[INFO] --- compiler:3.14.1:compile (default-compile) @ customer-service ---
[INFO] Nothing to compile - all classes are up to date.
[INFO] 
[INFO] --- resources:3.3.1:testResources (default-testResources) @ customer-service ---
[INFO] skip non existing resourceDirectory /Users/sagee/Desktop/Y4S2/MITIT/Assignment2/food-ordering-system/customer-service/src/test/resources
[INFO] 
[INFO] --- compiler:3.14.1:testCompile (default-testCompile) @ customer-service ---
[INFO] Nothing to compile - all classes are up to date.
[INFO] 
[INFO] <<< spring-boot:3.5.7:run (default-cli) < test-compile @ customer-service <<<
[INFO] 
[INFO] 
[INFO] --- spring-boot:3.5.7:run (default-cli) @ customer-service ---
[INFO] Attaching agents: []

  .   ____          _            __ _ _
 /\\ / ___'_ __ _ _(_)_ __  __ _ \ \ \ \
( ( )\___ | '_ | '_| | '_ \/ _` | \ \ \ \
 \\/  ___)| |_)| | | | | || (_| |  ) ) ) )
  '  |____| .__|_| |_|_| |_\__, | / / / /
 =========|_|==============|___/=/_/_/_/

 :: Spring Boot ::                (v3.5.7)

2026-03-30T18:44:08.608+05:30  INFO 15086 --- [customer-service] [  restartedMain] c.f.c.CustomerServiceApplication         : Starting CustomerServiceApplication using Java 25.0.2 with PID 15086 (/Users/sagee/Desktop/Y4S2/MITIT/Assignment2/food-ordering-system/customer-service/target/classes started by sagee in /Users/sagee/Desktop/Y4S2/MITIT/Assignment2/food-ordering-system/customer-service)
2026-03-30T18:44:08.610+05:30  INFO 15086 --- [customer-service] [  restartedMain] c.f.c.CustomerServiceApplication         : No active profile set, falling back to 1 default profile: "default"
2026-03-30T18:44:08.654+05:30  INFO 15086 --- [customer-service] [  restartedMain] .e.DevToolsPropertyDefaultsPostProcessor : Devtools property defaults active! Set 'spring.devtools.add-properties' to 'false' to disable
2026-03-30T18:44:08.655+05:30  INFO 15086 --- [customer-service] [  restartedMain] .e.DevToolsPropertyDefaultsPostProcessor : For additional web related logging consider setting the 'logging.level.web' property to 'DEBUG'
2026-03-30T18:44:09.396+05:30  INFO 15086 --- [customer-service] [  restartedMain] .s.d.r.c.RepositoryConfigurationDelegate : Bootstrapping Spring Data JPA repositories in DEFAULT mode.
2026-03-30T18:44:09.438+05:30  INFO 15086 --- [customer-service] [  restartedMain] .s.d.r.c.RepositoryConfigurationDelegate : Finished Spring Data repository scanning in 33 ms. Found 1 JPA repository interface.
2026-03-30T18:44:09.872+05:30  INFO 15086 --- [customer-service] [  restartedMain] o.s.b.w.embedded.tomcat.TomcatWebServer  : Tomcat initialized with port 8081 (http)
2026-03-30T18:44:09.889+05:30  INFO 15086 --- [customer-service] [  restartedMain] o.apache.catalina.core.StandardService   : Starting service [Tomcat]
2026-03-30T18:44:09.889+05:30  INFO 15086 --- [customer-service] [  restartedMain] o.apache.catalina.core.StandardEngine    : Starting Servlet engine: [Apache Tomcat/10.1.48]
2026-03-30T18:44:09.920+05:30  INFO 15086 --- [customer-service] [  restartedMain] o.a.c.c.C.[Tomcat].[localhost].[/]       : Initializing Spring embedded WebApplicationContext
2026-03-30T18:44:09.921+05:30  INFO 15086 --- [customer-service] [  restartedMain] w.s.c.ServletWebServerApplicationContext : Root WebApplicationContext: initialization completed in 1265 ms
2026-03-30T18:44:10.066+05:30  INFO 15086 --- [customer-service] [  restartedMain] o.hibernate.jpa.internal.util.LogHelper  : HHH000204: Processing PersistenceUnitInfo [name: default]
2026-03-30T18:44:10.104+05:30  INFO 15086 --- [customer-service] [  restartedMain] org.hibernate.Version                    : HHH000412: Hibernate ORM core version 6.6.33.Final
2026-03-30T18:44:10.127+05:30  INFO 15086 --- [customer-service] [  restartedMain] o.h.c.internal.RegionFactoryInitiator    : HHH000026: Second-level cache disabled
2026-03-30T18:44:10.340+05:30  INFO 15086 --- [customer-service] [  restartedMain] o.s.o.j.p.SpringPersistenceUnitInfo      : No LoadTimeWeaver setup: ignoring JPA class transformer
2026-03-30T18:44:10.360+05:30  INFO 15086 --- [customer-service] [  restartedMain] com.zaxxer.hikari.HikariDataSource       : HikariPool-1 - Starting...
2026-03-30T18:44:13.885+05:30  INFO 15086 --- [customer-service] [  restartedMain] com.zaxxer.hikari.pool.HikariPool        : HikariPool-1 - Added connection org.postgresql.jdbc.PgConnection@7e2f74e3
2026-03-30T18:44:13.886+05:30  INFO 15086 --- [customer-service] [  restartedMain] com.zaxxer.hikari.HikariDataSource       : HikariPool-1 - Start completed.
2026-03-30T18:44:14.519+05:30  WARN 15086 --- [customer-service] [  restartedMain] org.hibernate.orm.deprecation            : HHH90000025: PostgreSQLDialect does not need to be specified explicitly using 'hibernate.dialect' (remove the property setting and it will be selected by default)
2026-03-30T18:44:15.474+05:30  INFO 15086 --- [customer-service] [  restartedMain] org.hibernate.orm.connections.pooling    : HHH10001005: Database info:
	Database JDBC URL [Connecting through datasource 'HikariDataSource (HikariPool-1)']
	Database driver: undefined/unknown
	Database version: 17.8
	Autocommit mode: undefined/unknown
	Isolation level: undefined/unknown
	Minimum pool size: undefined/unknown
	Maximum pool size: undefined/unknown
2026-03-30T18:44:15.888+05:30  INFO 15086 --- [customer-service] [  restartedMain] o.h.e.t.j.p.i.JtaPlatformInitiator       : HHH000489: No JTA platform available (set 'hibernate.transaction.jta.platform' to enable JTA platform integration)
2026-03-30T18:44:17.136+05:30  INFO 15086 --- [customer-service] [  restartedMain] j.LocalContainerEntityManagerFactoryBean : Initialized JPA EntityManagerFactory for persistence unit 'default'
2026-03-30T18:44:17.374+05:30  WARN 15086 --- [customer-service] [  restartedMain] JpaBaseConfiguration$JpaWebConfiguration : spring.jpa.open-in-view is enabled by default. Therefore, database queries may be performed during view rendering. Explicitly configure spring.jpa.open-in-view to disable this warning
2026-03-30T18:44:17.621+05:30  INFO 15086 --- [customer-service] [  restartedMain] o.s.b.w.embedded.tomcat.TomcatWebServer  : Tomcat started on port 8081 (http) with context path '/'
2026-03-30T18:44:17.627+05:30  INFO 15086 --- [customer-service] [  restartedMain] c.f.c.CustomerServiceApplication         : Started CustomerServiceApplication in 9.419 seconds (process running for 9.727)
2026-03-30T18:44:17.629+05:30  WARN 15086 --- [customer-service] [  restartedMain] o.s.core.events.SpringDocAppInitializer  : SpringDoc /v3/api-docs endpoint is enabled by default. To disable it in production, set the property 'springdoc.api-docs.enabled=false'
2026-03-30T18:44:17.629+05:30  WARN 15086 --- [customer-service] [  restartedMain] o.s.core.events.SpringDocAppInitializer  : SpringDoc /swagger-ui.html endpoint is enabled by default. To disable it in production, set the property 'springdoc.swagger-ui.enabled=false'
2026-03-30T18:44:18.080+05:30  INFO 15086 --- [customer-service] [nio-8081-exec-1] o.a.c.c.C.[Tomcat].[localhost].[/]       : Initializing Spring DispatcherServlet 'dispatcherServlet'
2026-03-30T18:44:18.080+05:30  INFO 15086 --- [customer-service] [nio-8081-exec-1] o.s.web.servlet.DispatcherServlet        : Initializing Servlet 'dispatcherServlet'
2026-03-30T18:44:18.081+05:30  INFO 15086 --- [customer-service] [nio-8081-exec-1] o.s.web.servlet.DispatcherServlet        : Completed initialization in 1 ms
Hibernate: select c1_0.id,c1_0.address,c1_0.email,c1_0.full_name,c1_0.phone from customer_schema.customers c1_0
Hibernate: select c1_0.id,c1_0.address,c1_0.email,c1_0.full_name,c1_0.phone from customer_schema.customers c1_0 where c1_0.id=?
Hibernate: select c1_0.id,c1_0.address,c1_0.email,c1_0.full_name,c1_0.phone from customer_schema.customers c1_0 where c1_0.id=?
Hibernate: select c1_0.id,c1_0.address,c1_0.email,c1_0.full_name,c1_0.phone from customer_schema.customers c1_0 where c1_0.id=?
Hibernate: select c1_0.id,c1_0.address,c1_0.email,c1_0.full_name,c1_0.phone from customer_schema.customers c1_0 where c1_0.id=?
Hibernate: select c1_0.id,c1_0.address,c1_0.email,c1_0.full_name,c1_0.phone from customer_schema.customers c1_0 where c1_0.id=?
Hibernate: select c1_0.id,c1_0.address,c1_0.email,c1_0.full_name,c1_0.phone from customer_schema.customers c1_0 where c1_0.id=?
Hibernate: select c1_0.id,c1_0.address,c1_0.email,c1_0.full_name,c1_0.phone from customer_schema.customers c1_0 where c1_0.id=?
Hibernate: select c1_0.id,c1_0.address,c1_0.email,c1_0.full_name,c1_0.phone from customer_schema.customers c1_0 where c1_0.id=?
Hibernate: select c1_0.id,c1_0.address,c1_0.email,c1_0.full_name,c1_0.phone from customer_schema.customers c1_0 where c1_0.id=?
Hibernate: select c1_0.id,c1_0.address,c1_0.email,c1_0.full_name,c1_0.phone from customer_schema.customers c1_0 where c1_0.id=?
Hibernate: select c1_0.id,c1_0.address,c1_0.email,c1_0.full_name,c1_0.phone from customer_schema.customers c1_0 where c1_0.id=?
Hibernate: select c1_0.id,c1_0.address,c1_0.email,c1_0.full_name,c1_0.phone from customer_schema.customers c1_0 where c1_0.id=?
2026-03-30T18:59:16.191+05:30  INFO 15086 --- [customer-service] [nio-8081-exec-5] o.springdoc.api.AbstractOpenApiResource  : Init duration for springdoc-openapi is: 248 ms
Hibernate: select c1_0.id,c1_0.address,c1_0.email,c1_0.full_name,c1_0.phone from customer_schema.customers c1_0
Hibernate: insert into customer_schema.customers (address,email,full_name,phone) values (?,?,?,?)
Hibernate: select c1_0.id,c1_0.address,c1_0.email,c1_0.full_name,c1_0.phone from customer_schema.customers c1_0 where c1_0.id=?
Hibernate: select c1_0.id,c1_0.address,c1_0.email,c1_0.full_name,c1_0.phone from customer_schema.customers c1_0 where c1_0.id=?
Hibernate: update customer_schema.customers set address=?,email=?,full_name=?,phone=? where id=?
Hibernate: select c1_0.id,c1_0.address,c1_0.email,c1_0.full_name,c1_0.phone from customer_schema.customers c1_0 where upper(c1_0.email)=upper(?)
Hibernate: select c1_0.id,c1_0.address,c1_0.email,c1_0.full_name,c1_0.phone from customer_schema.customers c1_0 where c1_0.id=?
Hibernate: delete from customer_schema.customers where id=?
Hibernate: select c1_0.id,c1_0.address,c1_0.email,c1_0.full_name,c1_0.phone from customer_schema.customers c1_0 where c1_0.id=?
2026-03-30T18:59:24.097+05:30  WARN 15086 --- [customer-service] [nio-8081-exec-2] .m.m.a.ExceptionHandlerExceptionResolver : Resolved [com.foodordering.customerservice.exception.ResourceNotFoundException: Customer not found with id 12]
Hibernate: insert into customer_schema.customers (address,email,full_name,phone) values (?,?,?,?)
Hibernate: select c1_0.id,c1_0.address,c1_0.email,c1_0.full_name,c1_0.phone from customer_schema.customers c1_0 where c1_0.id=?
Hibernate: select c1_0.id,c1_0.address,c1_0.email,c1_0.full_name,c1_0.phone from customer_schema.customers c1_0 where c1_0.id=?
Hibernate: select c1_0.id,c1_0.address,c1_0.email,c1_0.full_name,c1_0.phone from customer_schema.customers c1_0 where c1_0.id=?
Hibernate: select c1_0.id,c1_0.address,c1_0.email,c1_0.full_name,c1_0.phone from customer_schema.customers c1_0 where c1_0.id=?
Hibernate: select c1_0.id,c1_0.address,c1_0.email,c1_0.full_name,c1_0.phone from customer_schema.customers c1_0 where c1_0.id=?
Hibernate: select c1_0.id,c1_0.address,c1_0.email,c1_0.full_name,c1_0.phone from customer_schema.customers c1_0 where c1_0.id=?
Hibernate: select c1_0.id,c1_0.address,c1_0.email,c1_0.full_name,c1_0.phone from customer_schema.customers c1_0 where c1_0.id=?
Hibernate: select c1_0.id,c1_0.address,c1_0.email,c1_0.full_name,c1_0.phone from customer_schema.customers c1_0 where c1_0.id=?
Hibernate: select c1_0.id,c1_0.address,c1_0.email,c1_0.full_name,c1_0.phone from customer_schema.customers c1_0 where c1_0.id=?
Hibernate: select c1_0.id,c1_0.address,c1_0.email,c1_0.full_name,c1_0.phone from customer_schema.customers c1_0 where c1_0.id=?
Hibernate: select c1_0.id,c1_0.address,c1_0.email,c1_0.full_name,c1_0.phone from customer_schema.customers c1_0 where c1_0.id=?
Hibernate: select c1_0.id,c1_0.address,c1_0.email,c1_0.full_name,c1_0.phone from customer_schema.customers c1_0 where c1_0.id=?
Hibernate: select c1_0.id,c1_0.address,c1_0.email,c1_0.full_name,c1_0.phone from customer_schema.customers c1_0 where c1_0.id=?
Hibernate: select c1_0.id,c1_0.address,c1_0.email,c1_0.full_name,c1_0.phone from customer_schema.customers c1_0 where c1_0.id=?
Hibernate: select c1_0.id,c1_0.address,c1_0.email,c1_0.full_name,c1_0.phone from customer_schema.customers c1_0 where c1_0.id=?
Hibernate: select c1_0.id,c1_0.address,c1_0.email,c1_0.full_name,c1_0.phone from customer_schema.customers c1_0 where c1_0.id=?
Hibernate: select c1_0.id,c1_0.address,c1_0.email,c1_0.full_name,c1_0.phone from customer_schema.customers c1_0 where c1_0.id=?
Hibernate: select c1_0.id,c1_0.address,c1_0.email,c1_0.full_name,c1_0.phone from customer_schema.customers c1_0 where c1_0.id=?
Hibernate: select c1_0.id,c1_0.address,c1_0.email,c1_0.full_name,c1_0.phone from customer_schema.customers c1_0 where c1_0.id=?
Hibernate: select c1_0.id,c1_0.address,c1_0.email,c1_0.full_name,c1_0.phone from customer_schema.customers c1_0 where c1_0.id=?
Hibernate: select c1_0.id,c1_0.address,c1_0.email,c1_0.full_name,c1_0.phone from customer_schema.customers c1_0 where c1_0.id=?
Hibernate: select c1_0.id,c1_0.address,c1_0.email,c1_0.full_name,c1_0.phone from customer_schema.customers c1_0 where c1_0.id=?
Hibernate: select c1_0.id,c1_0.address,c1_0.email,c1_0.full_name,c1_0.phone from customer_schema.customers c1_0 where c1_0.id=?
Hibernate: select c1_0.id,c1_0.address,c1_0.email,c1_0.full_name,c1_0.phone from customer_schema.customers c1_0 where c1_0.id=?
Hibernate: select c1_0.id,c1_0.address,c1_0.email,c1_0.full_name,c1_0.phone from customer_schema.customers c1_0 where c1_0.id=?
Hibernate: select c1_0.id,c1_0.address,c1_0.email,c1_0.full_name,c1_0.phone from customer_schema.customers c1_0 where c1_0.id=?
Hibernate: select c1_0.id,c1_0.address,c1_0.email,c1_0.full_name,c1_0.phone from customer_schema.customers c1_0 where c1_0.id=?
Hibernate: select c1_0.id,c1_0.address,c1_0.email,c1_0.full_name,c1_0.phone from customer_schema.customers c1_0 where c1_0.id=?
Hibernate: select c1_0.id,c1_0.address,c1_0.email,c1_0.full_name,c1_0.phone from customer_schema.customers c1_0 where c1_0.id=?
Hibernate: select c1_0.id,c1_0.address,c1_0.email,c1_0.full_name,c1_0.phone from customer_schema.customers c1_0 where c1_0.id=?
Hibernate: delete from customer_schema.customers where id=?
Hibernate: select c1_0.id,c1_0.address,c1_0.email,c1_0.full_name,c1_0.phone from customer_schema.customers c1_0 where c1_0.id=?
2026-03-30T19:00:34.054+05:30  WARN 15086 --- [customer-service] [nio-8081-exec-4] .m.m.a.ExceptionHandlerExceptionResolver : Resolved [com.foodordering.customerservice.exception.ResourceNotFoundException: Customer not found with id 13]
