[INFO] Scanning for projects...
[INFO] 
[INFO] -------------------< com.foodordering:menu-service >--------------------
[INFO] Building menu-service 0.0.1-SNAPSHOT
[INFO]   from pom.xml
[INFO] --------------------------------[ jar ]---------------------------------
[INFO] 
[INFO] >>> spring-boot:3.5.7:run (default-cli) > test-compile @ menu-service >>>
[INFO] 
[INFO] --- resources:3.3.1:resources (default-resources) @ menu-service ---
[INFO] Copying 1 resource from src/main/resources to target/classes
[INFO] Copying 1 resource from src/main/resources to target/classes
[INFO] 
[INFO] --- compiler:3.14.1:compile (default-compile) @ menu-service ---
[INFO] Nothing to compile - all classes are up to date.
[INFO] 
[INFO] --- resources:3.3.1:testResources (default-testResources) @ menu-service ---
[INFO] skip non existing resourceDirectory /Users/sagee/Desktop/Y4S2/MITIT/Assignment2/food-ordering-system/menu-service/src/test/resources
[INFO] 
[INFO] --- compiler:3.14.1:testCompile (default-testCompile) @ menu-service ---
[INFO] Nothing to compile - all classes are up to date.
[INFO] 
[INFO] <<< spring-boot:3.5.7:run (default-cli) < test-compile @ menu-service <<<
[INFO] 
[INFO] 
[INFO] --- spring-boot:3.5.7:run (default-cli) @ menu-service ---
[INFO] Attaching agents: []

  .   ____          _            __ _ _
 /\\ / ___'_ __ _ _(_)_ __  __ _ \ \ \ \
( ( )\___ | '_ | '_| | '_ \/ _` | \ \ \ \
 \\/  ___)| |_)| | | | | || (_| |  ) ) ) )
  '  |____| .__|_| |_|_| |_\__, | / / / /
 =========|_|==============|___/=/_/_/_/

 :: Spring Boot ::                (v3.5.7)

2026-03-29T21:11:52.416+05:30  INFO 20239 --- [menu-service] [  restartedMain] c.f.menuservice.MenuServiceApplication   : Starting MenuServiceApplication using Java 25.0.2 with PID 20239 (/Users/sagee/Desktop/Y4S2/MITIT/Assignment2/food-ordering-system/menu-service/target/classes started by sagee in /Users/sagee/Desktop/Y4S2/MITIT/Assignment2/food-ordering-system/menu-service)
2026-03-29T21:11:52.418+05:30  INFO 20239 --- [menu-service] [  restartedMain] c.f.menuservice.MenuServiceApplication   : No active profile set, falling back to 1 default profile: "default"
2026-03-29T21:11:52.467+05:30  INFO 20239 --- [menu-service] [  restartedMain] .e.DevToolsPropertyDefaultsPostProcessor : Devtools property defaults active! Set 'spring.devtools.add-properties' to 'false' to disable
2026-03-29T21:11:52.467+05:30  INFO 20239 --- [menu-service] [  restartedMain] .e.DevToolsPropertyDefaultsPostProcessor : For additional web related logging consider setting the 'logging.level.web' property to 'DEBUG'
2026-03-29T21:11:53.174+05:30  INFO 20239 --- [menu-service] [  restartedMain] .s.d.r.c.RepositoryConfigurationDelegate : Bootstrapping Spring Data JPA repositories in DEFAULT mode.
2026-03-29T21:11:53.208+05:30  INFO 20239 --- [menu-service] [  restartedMain] .s.d.r.c.RepositoryConfigurationDelegate : Finished Spring Data repository scanning in 27 ms. Found 1 JPA repository interface.
2026-03-29T21:11:53.609+05:30  INFO 20239 --- [menu-service] [  restartedMain] o.s.b.w.embedded.tomcat.TomcatWebServer  : Tomcat initialized with port 8082 (http)
2026-03-29T21:11:53.620+05:30  INFO 20239 --- [menu-service] [  restartedMain] o.apache.catalina.core.StandardService   : Starting service [Tomcat]
2026-03-29T21:11:53.620+05:30  INFO 20239 --- [menu-service] [  restartedMain] o.apache.catalina.core.StandardEngine    : Starting Servlet engine: [Apache Tomcat/10.1.48]
2026-03-29T21:11:53.647+05:30  INFO 20239 --- [menu-service] [  restartedMain] o.a.c.c.C.[Tomcat].[localhost].[/]       : Initializing Spring embedded WebApplicationContext
2026-03-29T21:11:53.648+05:30  INFO 20239 --- [menu-service] [  restartedMain] w.s.c.ServletWebServerApplicationContext : Root WebApplicationContext: initialization completed in 1180 ms
2026-03-29T21:11:53.759+05:30  INFO 20239 --- [menu-service] [  restartedMain] o.hibernate.jpa.internal.util.LogHelper  : HHH000204: Processing PersistenceUnitInfo [name: default]
2026-03-29T21:11:53.796+05:30  INFO 20239 --- [menu-service] [  restartedMain] org.hibernate.Version                    : HHH000412: Hibernate ORM core version 6.6.33.Final
2026-03-29T21:11:53.817+05:30  INFO 20239 --- [menu-service] [  restartedMain] o.h.c.internal.RegionFactoryInitiator    : HHH000026: Second-level cache disabled
2026-03-29T21:11:54.005+05:30  INFO 20239 --- [menu-service] [  restartedMain] o.s.o.j.p.SpringPersistenceUnitInfo      : No LoadTimeWeaver setup: ignoring JPA class transformer
2026-03-29T21:11:54.023+05:30  INFO 20239 --- [menu-service] [  restartedMain] com.zaxxer.hikari.HikariDataSource       : HikariPool-1 - Starting...
2026-03-29T21:11:57.928+05:30  INFO 20239 --- [menu-service] [  restartedMain] com.zaxxer.hikari.pool.HikariPool        : HikariPool-1 - Added connection org.postgresql.jdbc.PgConnection@7b1397c5
2026-03-29T21:11:57.930+05:30  INFO 20239 --- [menu-service] [  restartedMain] com.zaxxer.hikari.HikariDataSource       : HikariPool-1 - Start completed.
2026-03-29T21:11:58.747+05:30  WARN 20239 --- [menu-service] [  restartedMain] org.hibernate.orm.deprecation            : HHH90000025: PostgreSQLDialect does not need to be specified explicitly using 'hibernate.dialect' (remove the property setting and it will be selected by default)
2026-03-29T21:12:00.912+05:30  INFO 20239 --- [menu-service] [  restartedMain] org.hibernate.orm.connections.pooling    : HHH10001005: Database info:
	Database JDBC URL [Connecting through datasource 'HikariDataSource (HikariPool-1)']
	Database driver: undefined/unknown
	Database version: 17.8
	Autocommit mode: undefined/unknown
	Isolation level: undefined/unknown
	Minimum pool size: undefined/unknown
	Maximum pool size: undefined/unknown
2026-03-29T21:12:01.306+05:30  INFO 20239 --- [menu-service] [  restartedMain] o.h.e.t.j.p.i.JtaPlatformInitiator       : HHH000489: No JTA platform available (set 'hibernate.transaction.jta.platform' to enable JTA platform integration)
2026-03-29T21:12:04.031+05:30  INFO 20239 --- [menu-service] [  restartedMain] j.LocalContainerEntityManagerFactoryBean : Initialized JPA EntityManagerFactory for persistence unit 'default'
2026-03-29T21:12:04.243+05:30  WARN 20239 --- [menu-service] [  restartedMain] JpaBaseConfiguration$JpaWebConfiguration : spring.jpa.open-in-view is enabled by default. Therefore, database queries may be performed during view rendering. Explicitly configure spring.jpa.open-in-view to disable this warning
2026-03-29T21:12:04.515+05:30  INFO 20239 --- [menu-service] [  restartedMain] o.s.b.w.embedded.tomcat.TomcatWebServer  : Tomcat started on port 8082 (http) with context path '/'
2026-03-29T21:12:04.522+05:30  INFO 20239 --- [menu-service] [  restartedMain] c.f.menuservice.MenuServiceApplication   : Started MenuServiceApplication in 12.413 seconds (process running for 12.76)
2026-03-29T21:12:04.524+05:30  WARN 20239 --- [menu-service] [  restartedMain] o.s.core.events.SpringDocAppInitializer  : SpringDoc /v3/api-docs endpoint is enabled by default. To disable it in production, set the property 'springdoc.api-docs.enabled=false'
2026-03-29T21:12:04.524+05:30  WARN 20239 --- [menu-service] [  restartedMain] o.s.core.events.SpringDocAppInitializer  : SpringDoc /swagger-ui.html endpoint is enabled by default. To disable it in production, set the property 'springdoc.swagger-ui.enabled=false'
2026-03-29T21:12:08.907+05:30  INFO 20239 --- [menu-service] [nio-8082-exec-1] o.a.c.c.C.[Tomcat].[localhost].[/]       : Initializing Spring DispatcherServlet 'dispatcherServlet'
2026-03-29T21:12:08.907+05:30  INFO 20239 --- [menu-service] [nio-8082-exec-1] o.s.web.servlet.DispatcherServlet        : Initializing Servlet 'dispatcherServlet'
2026-03-29T21:12:08.908+05:30  INFO 20239 --- [menu-service] [nio-8082-exec-1] o.s.web.servlet.DispatcherServlet        : Completed initialization in 1 ms
Hibernate: select mi1_0.id,mi1_0.available,mi1_0.category,mi1_0.item_name,mi1_0.price from menu_schema.menu_items mi1_0
Hibernate: select mi1_0.id,mi1_0.available,mi1_0.category,mi1_0.item_name,mi1_0.price from menu_schema.menu_items mi1_0
Hibernate: select mi1_0.id,mi1_0.available,mi1_0.category,mi1_0.item_name,mi1_0.price from menu_schema.menu_items mi1_0
Hibernate: select mi1_0.id,mi1_0.available,mi1_0.category,mi1_0.item_name,mi1_0.price from menu_schema.menu_items mi1_0
Hibernate: select mi1_0.id,mi1_0.available,mi1_0.category,mi1_0.item_name,mi1_0.price from menu_schema.menu_items mi1_0
Hibernate: select mi1_0.id,mi1_0.available,mi1_0.category,mi1_0.item_name,mi1_0.price from menu_schema.menu_items mi1_0
Hibernate: select mi1_0.id,mi1_0.available,mi1_0.category,mi1_0.item_name,mi1_0.price from menu_schema.menu_items mi1_0
Hibernate: select mi1_0.id,mi1_0.available,mi1_0.category,mi1_0.item_name,mi1_0.price from menu_schema.menu_items mi1_0
Hibernate: select mi1_0.id,mi1_0.available,mi1_0.category,mi1_0.item_name,mi1_0.price from menu_schema.menu_items mi1_0
Hibernate: select mi1_0.id,mi1_0.available,mi1_0.category,mi1_0.item_name,mi1_0.price from menu_schema.menu_items mi1_0
Hibernate: select mi1_0.id,mi1_0.available,mi1_0.category,mi1_0.item_name,mi1_0.price from menu_schema.menu_items mi1_0
Hibernate: select mi1_0.id,mi1_0.available,mi1_0.category,mi1_0.item_name,mi1_0.price from menu_schema.menu_items mi1_0
Hibernate: select mi1_0.id,mi1_0.available,mi1_0.category,mi1_0.item_name,mi1_0.price from menu_schema.menu_items mi1_0
Hibernate: select mi1_0.id,mi1_0.available,mi1_0.category,mi1_0.item_name,mi1_0.price from menu_schema.menu_items mi1_0
Hibernate: select mi1_0.id,mi1_0.available,mi1_0.category,mi1_0.item_name,mi1_0.price from menu_schema.menu_items mi1_0
Hibernate: select mi1_0.id,mi1_0.available,mi1_0.category,mi1_0.item_name,mi1_0.price from menu_schema.menu_items mi1_0
Hibernate: select mi1_0.id,mi1_0.available,mi1_0.category,mi1_0.item_name,mi1_0.price from menu_schema.menu_items mi1_0
Hibernate: select mi1_0.id,mi1_0.available,mi1_0.category,mi1_0.item_name,mi1_0.price from menu_schema.menu_items mi1_0
Hibernate: select mi1_0.id,mi1_0.available,mi1_0.category,mi1_0.item_name,mi1_0.price from menu_schema.menu_items mi1_0
