[INFO] Scanning for projects...
[INFO] 
[INFO] -------------------< com.foodordering:order-service >-------------------
[INFO] Building order-service 0.0.1-SNAPSHOT
[INFO]   from pom.xml
[INFO] --------------------------------[ jar ]---------------------------------
[INFO] 
[INFO] >>> spring-boot:3.5.7:run (default-cli) > test-compile @ order-service >>>
[INFO] 
[INFO] --- resources:3.3.1:resources (default-resources) @ order-service ---
[INFO] Copying 1 resource from src/main/resources to target/classes
[INFO] Copying 1 resource from src/main/resources to target/classes
[INFO] 
[INFO] --- compiler:3.14.1:compile (default-compile) @ order-service ---
[INFO] Nothing to compile - all classes are up to date.
[INFO] 
[INFO] --- resources:3.3.1:testResources (default-testResources) @ order-service ---
[INFO] skip non existing resourceDirectory /Users/sagee/Desktop/Y4S2/MITIT/Assignment2/food-ordering-system/order-service/src/test/resources
[INFO] 
[INFO] --- compiler:3.14.1:testCompile (default-testCompile) @ order-service ---
[INFO] Nothing to compile - all classes are up to date.
[INFO] 
[INFO] <<< spring-boot:3.5.7:run (default-cli) < test-compile @ order-service <<<
[INFO] 
[INFO] 
[INFO] --- spring-boot:3.5.7:run (default-cli) @ order-service ---
[INFO] Attaching agents: []

  .   ____          _            __ _ _
 /\\ / ___'_ __ _ _(_)_ __  __ _ \ \ \ \
( ( )\___ | '_ | '_| | '_ \/ _` | \ \ \ \
 \\/  ___)| |_)| | | | | || (_| |  ) ) ) )
  '  |____| .__|_| |_|_| |_\__, | / / / /
 =========|_|==============|___/=/_/_/_/

 :: Spring Boot ::                (v3.5.7)

2026-03-30T18:44:09.120+05:30  INFO 15087 --- [order-service] [  restartedMain] c.f.o.OrderServiceApplication            : Starting OrderServiceApplication using Java 25.0.2 with PID 15087 (/Users/sagee/Desktop/Y4S2/MITIT/Assignment2/food-ordering-system/order-service/target/classes started by sagee in /Users/sagee/Desktop/Y4S2/MITIT/Assignment2/food-ordering-system/order-service)
2026-03-30T18:44:09.122+05:30  INFO 15087 --- [order-service] [  restartedMain] c.f.o.OrderServiceApplication            : No active profile set, falling back to 1 default profile: "default"
2026-03-30T18:44:09.153+05:30  INFO 15087 --- [order-service] [  restartedMain] .e.DevToolsPropertyDefaultsPostProcessor : Devtools property defaults active! Set 'spring.devtools.add-properties' to 'false' to disable
2026-03-30T18:44:09.153+05:30  INFO 15087 --- [order-service] [  restartedMain] .e.DevToolsPropertyDefaultsPostProcessor : For additional web related logging consider setting the 'logging.level.web' property to 'DEBUG'
2026-03-30T18:44:09.727+05:30  INFO 15087 --- [order-service] [  restartedMain] .s.d.r.c.RepositoryConfigurationDelegate : Bootstrapping Spring Data JPA repositories in DEFAULT mode.
2026-03-30T18:44:09.762+05:30  INFO 15087 --- [order-service] [  restartedMain] .s.d.r.c.RepositoryConfigurationDelegate : Finished Spring Data repository scanning in 30 ms. Found 1 JPA repository interface.
2026-03-30T18:44:10.165+05:30  INFO 15087 --- [order-service] [  restartedMain] o.s.b.w.embedded.tomcat.TomcatWebServer  : Tomcat initialized with port 8083 (http)
2026-03-30T18:44:10.174+05:30  INFO 15087 --- [order-service] [  restartedMain] o.apache.catalina.core.StandardService   : Starting service [Tomcat]
2026-03-30T18:44:10.174+05:30  INFO 15087 --- [order-service] [  restartedMain] o.apache.catalina.core.StandardEngine    : Starting Servlet engine: [Apache Tomcat/10.1.48]
2026-03-30T18:44:10.198+05:30  INFO 15087 --- [order-service] [  restartedMain] o.a.c.c.C.[Tomcat].[localhost].[/]       : Initializing Spring embedded WebApplicationContext
2026-03-30T18:44:10.198+05:30  INFO 15087 --- [order-service] [  restartedMain] w.s.c.ServletWebServerApplicationContext : Root WebApplicationContext: initialization completed in 1044 ms
2026-03-30T18:44:10.336+05:30  INFO 15087 --- [order-service] [  restartedMain] o.hibernate.jpa.internal.util.LogHelper  : HHH000204: Processing PersistenceUnitInfo [name: default]
2026-03-30T18:44:10.363+05:30  INFO 15087 --- [order-service] [  restartedMain] org.hibernate.Version                    : HHH000412: Hibernate ORM core version 6.6.33.Final
2026-03-30T18:44:10.380+05:30  INFO 15087 --- [order-service] [  restartedMain] o.h.c.internal.RegionFactoryInitiator    : HHH000026: Second-level cache disabled
2026-03-30T18:44:10.582+05:30  INFO 15087 --- [order-service] [  restartedMain] o.s.o.j.p.SpringPersistenceUnitInfo      : No LoadTimeWeaver setup: ignoring JPA class transformer
2026-03-30T18:44:10.596+05:30  INFO 15087 --- [order-service] [  restartedMain] com.zaxxer.hikari.HikariDataSource       : HikariPool-1 - Starting...
2026-03-30T18:44:13.955+05:30  INFO 15087 --- [order-service] [  restartedMain] com.zaxxer.hikari.pool.HikariPool        : HikariPool-1 - Added connection org.postgresql.jdbc.PgConnection@7c16e4c4
2026-03-30T18:44:13.955+05:30  INFO 15087 --- [order-service] [  restartedMain] com.zaxxer.hikari.HikariDataSource       : HikariPool-1 - Start completed.
2026-03-30T18:44:14.296+05:30  WARN 15087 --- [order-service] [  restartedMain] org.hibernate.orm.deprecation            : HHH90000025: PostgreSQLDialect does not need to be specified explicitly using 'hibernate.dialect' (remove the property setting and it will be selected by default)
2026-03-30T18:44:15.248+05:30  INFO 15087 --- [order-service] [  restartedMain] org.hibernate.orm.connections.pooling    : HHH10001005: Database info:
	Database JDBC URL [Connecting through datasource 'HikariDataSource (HikariPool-1)']
	Database driver: undefined/unknown
	Database version: 17.8
	Autocommit mode: undefined/unknown
	Isolation level: undefined/unknown
	Minimum pool size: undefined/unknown
	Maximum pool size: undefined/unknown
2026-03-30T18:44:15.722+05:30  INFO 15087 --- [order-service] [  restartedMain] o.h.e.t.j.p.i.JtaPlatformInitiator       : HHH000489: No JTA platform available (set 'hibernate.transaction.jta.platform' to enable JTA platform integration)
2026-03-30T18:44:17.072+05:30  INFO 15087 --- [order-service] [  restartedMain] j.LocalContainerEntityManagerFactoryBean : Initialized JPA EntityManagerFactory for persistence unit 'default'
2026-03-30T18:44:17.338+05:30  WARN 15087 --- [order-service] [  restartedMain] JpaBaseConfiguration$JpaWebConfiguration : spring.jpa.open-in-view is enabled by default. Therefore, database queries may be performed during view rendering. Explicitly configure spring.jpa.open-in-view to disable this warning
2026-03-30T18:44:17.561+05:30  INFO 15087 --- [order-service] [  restartedMain] o.s.b.w.embedded.tomcat.TomcatWebServer  : Tomcat started on port 8083 (http) with context path '/'
2026-03-30T18:44:17.568+05:30  INFO 15087 --- [order-service] [  restartedMain] c.f.o.OrderServiceApplication            : Started OrderServiceApplication in 8.839 seconds (process running for 9.213)
2026-03-30T18:44:17.569+05:30  WARN 15087 --- [order-service] [  restartedMain] o.s.core.events.SpringDocAppInitializer  : SpringDoc /v3/api-docs endpoint is enabled by default. To disable it in production, set the property 'springdoc.api-docs.enabled=false'
2026-03-30T18:44:17.569+05:30  WARN 15087 --- [order-service] [  restartedMain] o.s.core.events.SpringDocAppInitializer  : SpringDoc /swagger-ui.html endpoint is enabled by default. To disable it in production, set the property 'springdoc.swagger-ui.enabled=false'
2026-03-30T18:44:20.896+05:30  INFO 15087 --- [order-service] [nio-8083-exec-1] o.a.c.c.C.[Tomcat].[localhost].[/]       : Initializing Spring DispatcherServlet 'dispatcherServlet'
2026-03-30T18:44:20.896+05:30  INFO 15087 --- [order-service] [nio-8083-exec-1] o.s.web.servlet.DispatcherServlet        : Initializing Servlet 'dispatcherServlet'
2026-03-30T18:44:20.897+05:30  INFO 15087 --- [order-service] [nio-8083-exec-1] o.s.web.servlet.DispatcherServlet        : Completed initialization in 1 ms
Hibernate: select fo1_0.id,fo1_0.customer_id,fo1_0.item_name,fo1_0.payment_id,fo1_0.quantity,fo1_0.status,fo1_0.total_amount from order_schema.food_orders fo1_0
2026-03-30T18:59:16.503+05:30  INFO 15087 --- [order-service] [nio-8083-exec-2] o.springdoc.api.AbstractOpenApiResource  : Init duration for springdoc-openapi is: 237 ms
Hibernate: insert into order_schema.food_orders (customer_id,item_name,payment_id,quantity,status,total_amount) values (?,?,?,?,?,?)
Hibernate: select fo1_0.id,fo1_0.customer_id,fo1_0.item_name,fo1_0.payment_id,fo1_0.quantity,fo1_0.status,fo1_0.total_amount from order_schema.food_orders fo1_0
Hibernate: select fo1_0.id,fo1_0.customer_id,fo1_0.item_name,fo1_0.payment_id,fo1_0.quantity,fo1_0.status,fo1_0.total_amount from order_schema.food_orders fo1_0 where fo1_0.id=?
Hibernate: select fo1_0.id,fo1_0.customer_id,fo1_0.item_name,fo1_0.payment_id,fo1_0.quantity,fo1_0.status,fo1_0.total_amount from order_schema.food_orders fo1_0 where fo1_0.id=?
Hibernate: update order_schema.food_orders set customer_id=?,item_name=?,payment_id=?,quantity=?,status=?,total_amount=? where id=?
Hibernate: select fo1_0.id,fo1_0.customer_id,fo1_0.item_name,fo1_0.payment_id,fo1_0.quantity,fo1_0.status,fo1_0.total_amount from order_schema.food_orders fo1_0 where fo1_0.id=?
Hibernate: select fo1_0.id,fo1_0.customer_id,fo1_0.item_name,fo1_0.payment_id,fo1_0.quantity,fo1_0.status,fo1_0.total_amount from order_schema.food_orders fo1_0 where fo1_0.id=?
Hibernate: update order_schema.food_orders set customer_id=?,item_name=?,payment_id=?,quantity=?,status=?,total_amount=? where id=?
Hibernate: select fo1_0.id,fo1_0.customer_id,fo1_0.item_name,fo1_0.payment_id,fo1_0.quantity,fo1_0.status,fo1_0.total_amount from order_schema.food_orders fo1_0 where fo1_0.id=?
Hibernate: select fo1_0.id,fo1_0.customer_id,fo1_0.item_name,fo1_0.payment_id,fo1_0.quantity,fo1_0.status,fo1_0.total_amount from order_schema.food_orders fo1_0 where fo1_0.id=?
Hibernate: select fo1_0.id,fo1_0.customer_id,fo1_0.item_name,fo1_0.payment_id,fo1_0.quantity,fo1_0.status,fo1_0.total_amount from order_schema.food_orders fo1_0 where fo1_0.id=?
Hibernate: select fo1_0.id,fo1_0.customer_id,fo1_0.item_name,fo1_0.payment_id,fo1_0.quantity,fo1_0.status,fo1_0.total_amount from order_schema.food_orders fo1_0 where fo1_0.id=?
Hibernate: select fo1_0.id,fo1_0.customer_id,fo1_0.item_name,fo1_0.payment_id,fo1_0.quantity,fo1_0.status,fo1_0.total_amount from order_schema.food_orders fo1_0 where fo1_0.id=?
Hibernate: update order_schema.food_orders set customer_id=?,item_name=?,payment_id=?,quantity=?,status=?,total_amount=? where id=?
Hibernate: select fo1_0.id,fo1_0.customer_id,fo1_0.item_name,fo1_0.payment_id,fo1_0.quantity,fo1_0.status,fo1_0.total_amount from order_schema.food_orders fo1_0 where fo1_0.id=?
Hibernate: select fo1_0.id,fo1_0.customer_id,fo1_0.item_name,fo1_0.payment_id,fo1_0.quantity,fo1_0.status,fo1_0.total_amount from order_schema.food_orders fo1_0 where fo1_0.id=?
Hibernate: select fo1_0.id,fo1_0.customer_id,fo1_0.item_name,fo1_0.payment_id,fo1_0.quantity,fo1_0.status,fo1_0.total_amount from order_schema.food_orders fo1_0 where fo1_0.id=?
Hibernate: update order_schema.food_orders set customer_id=?,item_name=?,payment_id=?,quantity=?,status=?,total_amount=? where id=?
Hibernate: select fo1_0.id,fo1_0.customer_id,fo1_0.item_name,fo1_0.payment_id,fo1_0.quantity,fo1_0.status,fo1_0.total_amount from order_schema.food_orders fo1_0 where fo1_0.id=?
Hibernate: update order_schema.food_orders set customer_id=?,item_name=?,payment_id=?,quantity=?,status=?,total_amount=? where id=?
Hibernate: select fo1_0.id,fo1_0.customer_id,fo1_0.item_name,fo1_0.payment_id,fo1_0.quantity,fo1_0.status,fo1_0.total_amount from order_schema.food_orders fo1_0 where fo1_0.id=?
Hibernate: select fo1_0.id,fo1_0.customer_id,fo1_0.item_name,fo1_0.payment_id,fo1_0.quantity,fo1_0.status,fo1_0.total_amount from order_schema.food_orders fo1_0 where fo1_0.id=?
Hibernate: delete from order_schema.food_orders where id=?
Hibernate: select fo1_0.id,fo1_0.customer_id,fo1_0.item_name,fo1_0.payment_id,fo1_0.quantity,fo1_0.status,fo1_0.total_amount from order_schema.food_orders fo1_0 where fo1_0.id=?
2026-03-30T19:00:31.365+05:30  WARN 15087 --- [order-service] [io-8083-exec-10] .m.m.a.ExceptionHandlerExceptionResolver : Resolved [com.foodordering.orderservice.exception.ResourceNotFoundException: Order not found with id 13]
