[INFO] Scanning for projects...
[INFO] 
[INFO] ------------------< com.foodordering:payment-service >------------------
[INFO] Building payment-service 0.0.1-SNAPSHOT
[INFO]   from pom.xml
[INFO] --------------------------------[ jar ]---------------------------------
[INFO] 
[INFO] >>> spring-boot:3.5.7:run (default-cli) > test-compile @ payment-service >>>
[INFO] 
[INFO] --- resources:3.3.1:resources (default-resources) @ payment-service ---
[INFO] Copying 1 resource from src/main/resources to target/classes
[INFO] Copying 1 resource from src/main/resources to target/classes
[INFO] 
[INFO] --- compiler:3.14.1:compile (default-compile) @ payment-service ---
[INFO] Nothing to compile - all classes are up to date.
[INFO] 
[INFO] --- resources:3.3.1:testResources (default-testResources) @ payment-service ---
[INFO] skip non existing resourceDirectory /Users/sagee/Desktop/Y4S2/MITIT/Assignment2/food-ordering-system/payment-service/src/test/resources
[INFO] 
[INFO] --- compiler:3.14.1:testCompile (default-testCompile) @ payment-service ---
[INFO] Nothing to compile - all classes are up to date.
[INFO] 
[INFO] <<< spring-boot:3.5.7:run (default-cli) < test-compile @ payment-service <<<
[INFO] 
[INFO] 
[INFO] --- spring-boot:3.5.7:run (default-cli) @ payment-service ---
[INFO] Attaching agents: []

  .   ____          _            __ _ _
 /\\ / ___'_ __ _ _(_)_ __  __ _ \ \ \ \
( ( )\___ | '_ | '_| | '_ \/ _` | \ \ \ \
 \\/  ___)| |_)| | | | | || (_| |  ) ) ) )
  '  |____| .__|_| |_|_| |_\__, | / / / /
 =========|_|==============|___/=/_/_/_/

 :: Spring Boot ::                (v3.5.7)

2026-03-29T21:11:53.905+05:30  INFO 20250 --- [payment-service] [  restartedMain] c.f.p.PaymentServiceApplication          : Starting PaymentServiceApplication using Java 25.0.2 with PID 20250 (/Users/sagee/Desktop/Y4S2/MITIT/Assignment2/food-ordering-system/payment-service/target/classes started by sagee in /Users/sagee/Desktop/Y4S2/MITIT/Assignment2/food-ordering-system/payment-service)
2026-03-29T21:11:53.907+05:30  INFO 20250 --- [payment-service] [  restartedMain] c.f.p.PaymentServiceApplication          : No active profile set, falling back to 1 default profile: "default"
2026-03-29T21:11:53.944+05:30  INFO 20250 --- [payment-service] [  restartedMain] .e.DevToolsPropertyDefaultsPostProcessor : Devtools property defaults active! Set 'spring.devtools.add-properties' to 'false' to disable
2026-03-29T21:11:53.945+05:30  INFO 20250 --- [payment-service] [  restartedMain] .e.DevToolsPropertyDefaultsPostProcessor : For additional web related logging consider setting the 'logging.level.web' property to 'DEBUG'
2026-03-29T21:11:54.371+05:30  INFO 20250 --- [payment-service] [  restartedMain] .s.d.r.c.RepositoryConfigurationDelegate : Bootstrapping Spring Data JPA repositories in DEFAULT mode.
2026-03-29T21:11:54.402+05:30  INFO 20250 --- [payment-service] [  restartedMain] .s.d.r.c.RepositoryConfigurationDelegate : Finished Spring Data repository scanning in 25 ms. Found 1 JPA repository interface.
2026-03-29T21:11:54.646+05:30  INFO 20250 --- [payment-service] [  restartedMain] o.s.b.w.embedded.tomcat.TomcatWebServer  : Tomcat initialized with port 8084 (http)
2026-03-29T21:11:54.653+05:30  INFO 20250 --- [payment-service] [  restartedMain] o.apache.catalina.core.StandardService   : Starting service [Tomcat]
2026-03-29T21:11:54.653+05:30  INFO 20250 --- [payment-service] [  restartedMain] o.apache.catalina.core.StandardEngine    : Starting Servlet engine: [Apache Tomcat/10.1.48]
2026-03-29T21:11:54.671+05:30  INFO 20250 --- [payment-service] [  restartedMain] o.a.c.c.C.[Tomcat].[localhost].[/]       : Initializing Spring embedded WebApplicationContext
2026-03-29T21:11:54.671+05:30  INFO 20250 --- [payment-service] [  restartedMain] w.s.c.ServletWebServerApplicationContext : Root WebApplicationContext: initialization completed in 726 ms
2026-03-29T21:11:54.749+05:30  INFO 20250 --- [payment-service] [  restartedMain] o.hibernate.jpa.internal.util.LogHelper  : HHH000204: Processing PersistenceUnitInfo [name: default]
2026-03-29T21:11:54.769+05:30  INFO 20250 --- [payment-service] [  restartedMain] org.hibernate.Version                    : HHH000412: Hibernate ORM core version 6.6.33.Final
2026-03-29T21:11:54.781+05:30  INFO 20250 --- [payment-service] [  restartedMain] o.h.c.internal.RegionFactoryInitiator    : HHH000026: Second-level cache disabled
2026-03-29T21:11:54.909+05:30  INFO 20250 --- [payment-service] [  restartedMain] o.s.o.j.p.SpringPersistenceUnitInfo      : No LoadTimeWeaver setup: ignoring JPA class transformer
2026-03-29T21:11:54.921+05:30  INFO 20250 --- [payment-service] [  restartedMain] com.zaxxer.hikari.HikariDataSource       : HikariPool-1 - Starting...
2026-03-29T21:11:58.247+05:30  INFO 20250 --- [payment-service] [  restartedMain] com.zaxxer.hikari.pool.HikariPool        : HikariPool-1 - Added connection org.postgresql.jdbc.PgConnection@2dbd77c8
2026-03-29T21:11:58.248+05:30  INFO 20250 --- [payment-service] [  restartedMain] com.zaxxer.hikari.HikariDataSource       : HikariPool-1 - Start completed.
2026-03-29T21:11:58.915+05:30  WARN 20250 --- [payment-service] [  restartedMain] org.hibernate.orm.deprecation            : HHH90000025: PostgreSQLDialect does not need to be specified explicitly using 'hibernate.dialect' (remove the property setting and it will be selected by default)
2026-03-29T21:12:00.913+05:30  INFO 20250 --- [payment-service] [  restartedMain] org.hibernate.orm.connections.pooling    : HHH10001005: Database info:
	Database JDBC URL [Connecting through datasource 'HikariDataSource (HikariPool-1)']
	Database driver: undefined/unknown
	Database version: 17.8
	Autocommit mode: undefined/unknown
	Isolation level: undefined/unknown
	Minimum pool size: undefined/unknown
	Maximum pool size: undefined/unknown
2026-03-29T21:12:01.307+05:30  INFO 20250 --- [payment-service] [  restartedMain] o.h.e.t.j.p.i.JtaPlatformInitiator       : HHH000489: No JTA platform available (set 'hibernate.transaction.jta.platform' to enable JTA platform integration)
2026-03-29T21:12:04.030+05:30  INFO 20250 --- [payment-service] [  restartedMain] j.LocalContainerEntityManagerFactoryBean : Initialized JPA EntityManagerFactory for persistence unit 'default'
2026-03-29T21:12:04.387+05:30  WARN 20250 --- [payment-service] [  restartedMain] JpaBaseConfiguration$JpaWebConfiguration : spring.jpa.open-in-view is enabled by default. Therefore, database queries may be performed during view rendering. Explicitly configure spring.jpa.open-in-view to disable this warning
2026-03-29T21:12:04.589+05:30  INFO 20250 --- [payment-service] [  restartedMain] o.s.b.w.embedded.tomcat.TomcatWebServer  : Tomcat started on port 8084 (http) with context path '/'
2026-03-29T21:12:04.595+05:30  INFO 20250 --- [payment-service] [  restartedMain] c.f.p.PaymentServiceApplication          : Started PaymentServiceApplication in 10.914 seconds (process running for 11.146)
2026-03-29T21:12:04.596+05:30  WARN 20250 --- [payment-service] [  restartedMain] o.s.core.events.SpringDocAppInitializer  : SpringDoc /v3/api-docs endpoint is enabled by default. To disable it in production, set the property 'springdoc.api-docs.enabled=false'
2026-03-29T21:12:04.596+05:30  WARN 20250 --- [payment-service] [  restartedMain] o.s.core.events.SpringDocAppInitializer  : SpringDoc /swagger-ui.html endpoint is enabled by default. To disable it in production, set the property 'springdoc.swagger-ui.enabled=false'
2026-03-29T21:12:27.565+05:30  INFO 20250 --- [payment-service] [nio-8084-exec-1] o.a.c.c.C.[Tomcat].[localhost].[/]       : Initializing Spring DispatcherServlet 'dispatcherServlet'
2026-03-29T21:12:27.566+05:30  INFO 20250 --- [payment-service] [nio-8084-exec-1] o.s.web.servlet.DispatcherServlet        : Initializing Servlet 'dispatcherServlet'
2026-03-29T21:12:27.567+05:30  INFO 20250 --- [payment-service] [nio-8084-exec-1] o.s.web.servlet.DispatcherServlet        : Completed initialization in 1 ms
Hibernate: select p1_0.id,p1_0.amount,p1_0.order_id,p1_0.payment_method,p1_0.payment_status from payment_schema.payments p1_0
Hibernate: select p1_0.id,p1_0.amount,p1_0.order_id,p1_0.payment_method,p1_0.payment_status from payment_schema.payments p1_0
Hibernate: select p1_0.id,p1_0.amount,p1_0.order_id,p1_0.payment_method,p1_0.payment_status from payment_schema.payments p1_0
Hibernate: select p1_0.id,p1_0.amount,p1_0.order_id,p1_0.payment_method,p1_0.payment_status from payment_schema.payments p1_0
Hibernate: select p1_0.id,p1_0.amount,p1_0.order_id,p1_0.payment_method,p1_0.payment_status from payment_schema.payments p1_0
Hibernate: select p1_0.id from payment_schema.payments p1_0 where p1_0.order_id=? fetch first ? rows only
Hibernate: select p1_0.id from payment_schema.payments p1_0 where p1_0.order_id=? fetch first ? rows only
Hibernate: insert into payment_schema.payments (amount,order_id,payment_method,payment_status) values (?,?,?,?)
Hibernate: insert into payment_schema.payments (amount,order_id,payment_method,payment_status) values (?,?,?,?)
Hibernate: select p1_0.id,p1_0.amount,p1_0.order_id,p1_0.payment_method,p1_0.payment_status from payment_schema.payments p1_0 where p1_0.id=?
Hibernate: select p1_0.id,p1_0.amount,p1_0.order_id,p1_0.payment_method,p1_0.payment_status from payment_schema.payments p1_0 where p1_0.id=?
Hibernate: select p1_0.id,p1_0.amount,p1_0.order_id,p1_0.payment_method,p1_0.payment_status from payment_schema.payments p1_0
Hibernate: select p1_0.id,p1_0.amount,p1_0.order_id,p1_0.payment_method,p1_0.payment_status from payment_schema.payments p1_0
Hibernate: select p1_0.id,p1_0.amount,p1_0.order_id,p1_0.payment_method,p1_0.payment_status from payment_schema.payments p1_0
Hibernate: select p1_0.id,p1_0.amount,p1_0.order_id,p1_0.payment_method,p1_0.payment_status from payment_schema.payments p1_0
